<testsuites id="" name="" tests="15" failures="1" skipped="0" errors="0" time="45.123034">
<testsuite name="tests/auth/login.spec.ts" timestamp="2026-02-20T17:57:37.930Z" hostname="chromium" tests="7" failures="1" skipped="0" time="33.786" errors="0">
<testcase name="Verify Login Redirect" classname="tests/auth/login.spec.ts" time="1.29">
</testcase>
<testcase name="Try Login with Admin User using LoginPage" classname="tests/auth/login.spec.ts" time="5.46">
</testcase>
<testcase name="Inspect Login Page" classname="tests/auth/login.spec.ts" time="3.339">
</testcase>
<testcase name="Login with Valid Credentials 1: admin@dotcms.com" classname="tests/auth/login.spec.ts" time="10.59">
<failure message="login.spec.ts:90:9 Login with Valid Credentials 1: admin@dotcms.com" type="FAILURE">
<![CDATA[  [chromium] › tests/auth/login.spec.ts:90:9 › Login with Valid Credentials 1: admin@dotcms.com ────

    Error: expect(received).toBeTruthy()

    Received: null

      100 |
      101 |         // Assert that either login succeeded OR there's an error message
    > 102 |         expect(isLoggedIn || pageText?.match(/Invalid|Error|Failed|incorrect/i)).toBeTruthy();
          |                                                                                  ^
      103 |     });
      104 | });
      105 |
        at /Users/nicobytes1/Code/dotcms/core/core-web/apps/dotcms-ui-e2e/src/tests/auth/login.spec.ts:102:82

    attachment #1: screenshot (image/png) ──────────────────────────────────────────────────────────
    ../test-results/tests-auth-login-Login-wit-53602-dentials-1-admin-dotcms-com-chromium/test-failed-1.png
    ────────────────────────────────────────────────────────────────────────────────────────────────

    attachment #2: video (video/webm) ──────────────────────────────────────────────────────────────
    ../test-results/tests-auth-login-Login-wit-53602-dentials-1-admin-dotcms-com-chromium/video.webm
    ────────────────────────────────────────────────────────────────────────────────────────────────

    Error Context: ../test-results/tests-auth-login-Login-wit-53602-dentials-1-admin-dotcms-com-chromium/error-context.md

    Retry #1 ───────────────────────────────────────────────────────────────────────────────────────

    Error: expect(received).toBeTruthy()

    Received: null

      100 |
      101 |         // Assert that either login succeeded OR there's an error message
    > 102 |         expect(isLoggedIn || pageText?.match(/Invalid|Error|Failed|incorrect/i)).toBeTruthy();
          |                                                                                  ^
      103 |     });
      104 | });
      105 |
        at /Users/nicobytes1/Code/dotcms/core/core-web/apps/dotcms-ui-e2e/src/tests/auth/login.spec.ts:102:82

    attachment #1: screenshot (image/png) ──────────────────────────────────────────────────────────
    ../test-results/tests-auth-login-Login-wit-53602-dentials-1-admin-dotcms-com-chromium-retry1/test-failed-1.png
    ────────────────────────────────────────────────────────────────────────────────────────────────

    attachment #2: video (video/webm) ──────────────────────────────────────────────────────────────
    ../test-results/tests-auth-login-Login-wit-53602-dentials-1-admin-dotcms-com-chromium-retry1/video.webm
    ────────────────────────────────────────────────────────────────────────────────────────────────

    Error Context: ../test-results/tests-auth-login-Login-wit-53602-dentials-1-admin-dotcms-com-chromium-retry1/error-context.md

    attachment #4: trace (application/zip) ─────────────────────────────────────────────────────────
    ../test-results/tests-auth-login-Login-wit-53602-dentials-1-admin-dotcms-com-chromium-retry1/trace.zip
    Usage:

        yarn playwright show-trace ../test-results/tests-auth-login-Login-wit-53602-dentials-1-admin-dotcms-com-chromium-retry1/trace.zip

    ────────────────────────────────────────────────────────────────────────────────────────────────

    Retry #2 ───────────────────────────────────────────────────────────────────────────────────────

    Error: expect(received).toBeTruthy()

    Received: null

      100 |
      101 |         // Assert that either login succeeded OR there's an error message
    > 102 |         expect(isLoggedIn || pageText?.match(/Invalid|Error|Failed|incorrect/i)).toBeTruthy();
          |                                                                                  ^
      103 |     });
      104 | });
      105 |
        at /Users/nicobytes1/Code/dotcms/core/core-web/apps/dotcms-ui-e2e/src/tests/auth/login.spec.ts:102:82

    attachment #1: screenshot (image/png) ──────────────────────────────────────────────────────────
    ../test-results/tests-auth-login-Login-wit-53602-dentials-1-admin-dotcms-com-chromium-retry2/test-failed-1.png
    ────────────────────────────────────────────────────────────────────────────────────────────────

    attachment #2: video (video/webm) ──────────────────────────────────────────────────────────────
    ../test-results/tests-auth-login-Login-wit-53602-dentials-1-admin-dotcms-com-chromium-retry2/video.webm
    ────────────────────────────────────────────────────────────────────────────────────────────────

    Error Context: ../test-results/tests-auth-login-Login-wit-53602-dentials-1-admin-dotcms-com-chromium-retry2/error-context.md
]]>
</failure>
<system-out>
<![CDATA[
[[ATTACHMENT|tests-auth-login-Login-wit-53602-dentials-1-admin-dotcms-com-chromium/test-failed-1.png]]

[[ATTACHMENT|tests-auth-login-Login-wit-53602-dentials-1-admin-dotcms-com-chromium/video.webm]]

[[ATTACHMENT|tests-auth-login-Login-wit-53602-dentials-1-admin-dotcms-com-chromium/error-context.md]]

[[ATTACHMENT|tests-auth-login-Login-wit-53602-dentials-1-admin-dotcms-com-chromium-retry1/test-failed-1.png]]

[[ATTACHMENT|tests-auth-login-Login-wit-53602-dentials-1-admin-dotcms-com-chromium-retry1/video.webm]]

[[ATTACHMENT|tests-auth-login-Login-wit-53602-dentials-1-admin-dotcms-com-chromium-retry1/error-context.md]]

[[ATTACHMENT|tests-auth-login-Login-wit-53602-dentials-1-admin-dotcms-com-chromium-retry1/trace.zip]]

[[ATTACHMENT|tests-auth-login-Login-wit-53602-dentials-1-admin-dotcms-com-chromium-retry2/test-failed-1.png]]

[[ATTACHMENT|tests-auth-login-Login-wit-53602-dentials-1-admin-dotcms-com-chromium-retry2/video.webm]]

[[ATTACHMENT|tests-auth-login-Login-wit-53602-dentials-1-admin-dotcms-com-chromium-retry2/error-context.md]]
]]>
</system-out>
</testcase>
<testcase name="Login with Valid Credentials 2: chris@dotcms.com" classname="tests/auth/login.spec.ts" time="3.474">
</testcase>
<testcase name="Login with invalid Credentials: admin@dotcms.com" classname="tests/auth/login.spec.ts" time="6.321">
</testcase>
<testcase name="Login with invalid Credentials: chris2@dotcms.com" classname="tests/auth/login.spec.ts" time="3.312">
</testcase>
</testsuite>
<testsuite name="tests/auth/translations.spec.ts" timestamp="2026-02-20T17:57:37.930Z" hostname="chromium" tests="8" failures="0" skipped="0" time="5.931" errors="0">
<testcase name="Validate Translation: español (España)" classname="tests/auth/translations.spec.ts" time="0.757">
</testcase>
<testcase name="Validate Translation: italiano (Italia)" classname="tests/auth/translations.spec.ts" time="0.741">
</testcase>
<testcase name="Validate Translation: français (France)" classname="tests/auth/translations.spec.ts" time="0.728">
</testcase>
<testcase name="Validate Translation: Deutsch (Deutschland)" classname="tests/auth/translations.spec.ts" time="0.755">
</testcase>
<testcase name="Validate Translation: 中文 (中国)" classname="tests/auth/translations.spec.ts" time="0.744">
</testcase>
<testcase name="Validate Translation: Nederlands (Nederland)" classname="tests/auth/translations.spec.ts" time="0.74">
</testcase>
<testcase name="Validate Translation: русский (Россия)" classname="tests/auth/translations.spec.ts" time="0.749">
</testcase>
<testcase name="Validate Translation: suomi (Suomi)" classname="tests/auth/translations.spec.ts" time="0.717">
</testcase>
</testsuite>
</testsuites>