<testsuites id="" name="" tests="11" failures="1" skipped="0" errors="0" time="25.190461">
<testsuite name="tests/login/login.spec.ts" timestamp="2026-02-23T20:42:02.648Z" hostname="chromium" tests="3" failures="1" skipped="0" time="22.677" errors="0">
<testcase name="Login with Valid Credentials: admin@dotcms.com" classname="tests/login/login.spec.ts" time="7.953">
<failure message="login.spec.ts:14:9 Login with Valid Credentials: admin@dotcms.com" type="FAILURE">
<![CDATA[  [chromium] › tests/login/login.spec.ts:14:9 › Login with Valid Credentials: admin@dotcms.com ─────

    Error: expect(locator).toContainText(expected) failed

    Locator: getByTestId('breadcrumb-crumbs')
    Expected substring: "Home"
    Timeout: 5000ms
    Error: element(s) not found

    Call log:
      - Expect "toContainText" with timeout 5000ms
      - waiting for getByTestId('breadcrumb-crumbs')


      18 |         const breadcrumbComponent = new BreadcrumbComponent(page);
      19 |         const breadcrumb = breadcrumbComponent.getBreadcrumb();
    > 20 |         await expect(breadcrumb).toContainText('Home');
         |                                  ^
      21 |         await expect(breadcrumb).toContainText('Getting Started');
      22 |
      23 |         const title = breadcrumbComponent.getTitle();
        at /Users/nicobytes1/Code/dotcms/core/core-web/apps/dotcms-ui-e2e/src/tests/login/login.spec.ts:20:34

    attachment #1: screenshot (image/png) ──────────────────────────────────────────────────────────
    ../test-results/tests-login-login-Login-wi-9a594-redentials-admin-dotcms-com-chromium/test-failed-1.png
    ────────────────────────────────────────────────────────────────────────────────────────────────

    attachment #2: video (video/webm) ──────────────────────────────────────────────────────────────
    ../test-results/tests-login-login-Login-wi-9a594-redentials-admin-dotcms-com-chromium/video.webm
    ────────────────────────────────────────────────────────────────────────────────────────────────

    Error Context: ../test-results/tests-login-login-Login-wi-9a594-redentials-admin-dotcms-com-chromium/error-context.md
]]>
</failure>
<system-out>
<![CDATA[
[[ATTACHMENT|tests-login-login-Login-wi-9a594-redentials-admin-dotcms-com-chromium/test-failed-1.png]]

[[ATTACHMENT|tests-login-login-Login-wi-9a594-redentials-admin-dotcms-com-chromium/video.webm]]

[[ATTACHMENT|tests-login-login-Login-wi-9a594-redentials-admin-dotcms-com-chromium/error-context.md]]
]]>
</system-out>
</testcase>
<testcase name="Login with invalid Credentials: admin@dotcms.com" classname="tests/login/login.spec.ts" time="8.84">
</testcase>
<testcase name="Login with invalid Credentials: chris2@dotcms.com" classname="tests/login/login.spec.ts" time="5.884">
</testcase>
</testsuite>
<testsuite name="tests/login/translations.spec.ts" timestamp="2026-02-23T20:42:02.648Z" hostname="chromium" tests="8" failures="0" skipped="0" time="22.455" errors="0">
<testcase name="Validate Translation: español (España)" classname="tests/login/translations.spec.ts" time="5.602">
<system-err>
<![CDATA[Assertion failed
]]>
</system-err>
</testcase>
<testcase name="Validate Translation: italiano (Italia)" classname="tests/login/translations.spec.ts" time="3.345">
<system-err>
<![CDATA[Assertion failed
]]>
</system-err>
</testcase>
<testcase name="Validate Translation: français (France)" classname="tests/login/translations.spec.ts" time="3.072">
<system-err>
<![CDATA[Assertion failed
]]>
</system-err>
</testcase>
<testcase name="Validate Translation: Deutsch (Deutschland)" classname="tests/login/translations.spec.ts" time="3.27">
<system-err>
<![CDATA[Assertion failed
]]>
</system-err>
</testcase>
<testcase name="Validate Translation: 中文 (中国)" classname="tests/login/translations.spec.ts" time="3.274">
<system-err>
<![CDATA[Assertion failed
]]>
</system-err>
</testcase>
<testcase name="Validate Translation: Nederlands (Nederland)" classname="tests/login/translations.spec.ts" time="1.306">
<system-err>
<![CDATA[Assertion failed
]]>
</system-err>
</testcase>
<testcase name="Validate Translation: русский (Россия)" classname="tests/login/translations.spec.ts" time="1.237">
<system-err>
<![CDATA[Assertion failed
]]>
</system-err>
</testcase>
<testcase name="Validate Translation: suomi (Suomi)" classname="tests/login/translations.spec.ts" time="1.349">
<system-err>
<![CDATA[Assertion failed
]]>
</system-err>
</testcase>
</testsuite>
</testsuites>