<testsuites id="" name="" tests="1" failures="0" skipped="0" errors="0" time="7.738604999999981">
<testsuite name="tests/login/login.spec.ts" timestamp="2026-03-04T20:59:50.030Z" hostname="chromium" tests="1" failures="0" skipped="0" time="4.905" errors="0">
<testcase name="Login with invalid Credentials: chris2@dotcms.com" classname="tests/login/login.spec.ts" time="4.905">
<system-out>
<![CDATA[
[[ATTACHMENT|tests-login-login-Login-wi-84752-edentials-chris2-dotcms-com-chromium/trace.zip]]
]]>
</system-out>
</testcase>
</testsuite>
</testsuites>